<component name="libraryTable">
  <library name="junit-4.12">
    <CLASSES>
      <root url="jar://$USER_HOME$/Documents/jars/junit-4.12.jar!/" />
      <root url="jar://$USER_HOME$/Documents/javassist.jar!/" />
    </CLASSES>
    <JAVADOC />
    <SOURCES />
  </library>
</component>